{"/home/balmas/workspace/morph-client/src/base_adapter.js": {"path":"/home/balmas/workspace/morph-client/src/base_adapter.js","statementMap":{"0":{"start":{"line":14,"column":4},"end":{"line":14,"column":15}},"1":{"start":{"line":26,"column":4},"end":{"line":26,"column":20}},"2":{"start":{"line":37,"column":14},"end":{"line":37,"column":48}},"3":{"start":{"line":38,"column":4},"end":{"line":60,"column":6}},"4":{"start":{"line":39,"column":6},"end":{"line":59,"column":7}},"5":{"start":{"line":40,"column":8},"end":{"line":56,"column":9}},"6":{"start":{"line":42,"column":12},"end":{"line":51,"column":13}},"7":{"start":{"line":43,"column":14},"end":{"line":48,"column":15}},"8":{"start":{"line":44,"column":27},"end":{"line":44,"column":42}},"9":{"start":{"line":45,"column":16},"end":{"line":45,"column":29}},"10":{"start":{"line":47,"column":16},"end":{"line":47,"column":43}},"11":{"start":{"line":50,"column":14},"end":{"line":50,"column":27}},"12":{"start":{"line":54,"column":10},"end":{"line":54,"column":23}},"13":{"start":{"line":58,"column":8},"end":{"line":58,"column":77}},"14":{"start":{"line":71,"column":4},"end":{"line":78,"column":6}},"15":{"start":{"line":72,"column":6},"end":{"line":77,"column":7}},"16":{"start":{"line":73,"column":19},"end":{"line":73,"column":21}},"17":{"start":{"line":74,"column":8},"end":{"line":74,"column":21}},"18":{"start":{"line":76,"column":8},"end":{"line":76,"column":21}},"19":{"start":{"line":88,"column":4},"end":{"line":88,"column":13}}},"fnMap":{"0":{"name":"(anonymous_0)","decl":{"start":{"line":12,"column":2},"end":{"line":12,"column":3}},"loc":{"start":{"line":12,"column":33},"end":{"line":15,"column":3}},"line":12},"1":{"name":"(anonymous_1)","decl":{"start":{"line":24,"column":2},"end":{"line":24,"column":3}},"loc":{"start":{"line":24,"column":32},"end":{"line":27,"column":3}},"line":24},"2":{"name":"(anonymous_2)","decl":{"start":{"line":36,"column":2},"end":{"line":36,"column":3}},"loc":{"start":{"line":36,"column":21},"end":{"line":61,"column":3}},"line":36},"3":{"name":"(anonymous_3)","decl":{"start":{"line":38,"column":23},"end":{"line":38,"column":24}},"loc":{"start":{"line":38,"column":44},"end":{"line":60,"column":5}},"line":38},"4":{"name":"(anonymous_4)","decl":{"start":{"line":41,"column":10},"end":{"line":41,"column":11}},"loc":{"start":{"line":41,"column":30},"end":{"line":52,"column":11}},"line":41},"5":{"name":"(anonymous_5)","decl":{"start":{"line":53,"column":16},"end":{"line":53,"column":17}},"loc":{"start":{"line":53,"column":27},"end":{"line":55,"column":9}},"line":53},"6":{"name":"(anonymous_6)","decl":{"start":{"line":70,"column":2},"end":{"line":70,"column":3}},"loc":{"start":{"line":70,"column":29},"end":{"line":79,"column":3}},"line":70},"7":{"name":"(anonymous_7)","decl":{"start":{"line":71,"column":23},"end":{"line":71,"column":24}},"loc":{"start":{"line":71,"column":44},"end":{"line":78,"column":5}},"line":71},"8":{"name":"(anonymous_8)","decl":{"start":{"line":87,"column":2},"end":{"line":87,"column":3}},"loc":{"start":{"line":87,"column":34},"end":{"line":89,"column":3}},"line":87}},"branchMap":{"0":{"loc":{"start":{"line":39,"column":6},"end":{"line":59,"column":7}},"type":"if","locations":[{"start":{"line":39,"column":6},"end":{"line":59,"column":7}},{"start":{"line":39,"column":6},"end":{"line":59,"column":7}}],"line":39},"1":{"loc":{"start":{"line":43,"column":14},"end":{"line":48,"column":15}},"type":"if","locations":[{"start":{"line":43,"column":14},"end":{"line":48,"column":15}},{"start":{"line":43,"column":14},"end":{"line":48,"column":15}}],"line":43}},"s":{"0":1,"1":0,"2":2,"3":2,"4":2,"5":1,"6":1,"7":1,"8":1,"9":1,"10":0,"11":0,"12":0,"13":1,"14":0,"15":0,"16":0,"17":0,"18":0,"19":0},"f":{"0":1,"1":0,"2":2,"3":2,"4":1,"5":0,"6":0,"7":0,"8":0},"b":{"0":[1,1],"1":[1,0]},"_coverageSchema":"332fd63041d2c1bcb487cc26dd0d5f7d97098a6c","hash":"c5a0e9a8908844e368424c349e78045fcd08a87a"}
,"/home/balmas/workspace/morph-client/src/tufts/adapter.js": {"path":"/home/balmas/workspace/morph-client/src/tufts/adapter.js","statementMap":{"0":{"start":{"line":17,"column":4},"end":{"line":17,"column":11}},"1":{"start":{"line":18,"column":4},"end":{"line":22,"column":5}},"2":{"start":{"line":19,"column":6},"end":{"line":19,"column":45}},"3":{"start":{"line":21,"column":6},"end":{"line":21,"column":52}},"4":{"start":{"line":23,"column":4},"end":{"line":23,"column":38}},"5":{"start":{"line":24,"column":4},"end":{"line":24,"column":113}},"6":{"start":{"line":24,"column":87},"end":{"line":24,"column":109}},"7":{"start":{"line":28,"column":4},"end":{"line":32,"column":5}},"8":{"start":{"line":29,"column":6},"end":{"line":29,"column":60}},"9":{"start":{"line":31,"column":6},"end":{"line":31,"column":17}},"10":{"start":{"line":36,"column":17},"end":{"line":36,"column":48}},"11":{"start":{"line":37,"column":4},"end":{"line":42,"column":5}},"12":{"start":{"line":38,"column":17},"end":{"line":38,"column":30}},"13":{"start":{"line":39,"column":6},"end":{"line":39,"column":102}},"14":{"start":{"line":41,"column":6},"end":{"line":41,"column":17}},"15":{"start":{"line":46,"column":4},"end":{"line":55,"column":6}},"16":{"start":{"line":47,"column":6},"end":{"line":54,"column":7}},"17":{"start":{"line":48,"column":23},"end":{"line":48,"column":51}},"18":{"start":{"line":49,"column":19},"end":{"line":49,"column":39}},"19":{"start":{"line":50,"column":8},"end":{"line":50,"column":21}},"20":{"start":{"line":53,"column":8},"end":{"line":53,"column":21}},"21":{"start":{"line":66,"column":18},"end":{"line":66,"column":20}},"22":{"start":{"line":67,"column":25},"end":{"line":67,"column":52}},"23":{"start":{"line":68,"column":4},"end":{"line":78,"column":5}},"24":{"start":{"line":73,"column":6},"end":{"line":77,"column":7}},"25":{"start":{"line":74,"column":8},"end":{"line":74,"column":41}},"26":{"start":{"line":76,"column":8},"end":{"line":76,"column":27}},"27":{"start":{"line":79,"column":22},"end":{"line":79,"column":64}},"28":{"start":{"line":80,"column":25},"end":{"line":80,"column":27}},"29":{"start":{"line":81,"column":4},"end":{"line":83,"column":5}},"30":{"start":{"line":82,"column":6},"end":{"line":82,"column":54}},"31":{"start":{"line":84,"column":19},"end":{"line":84,"column":75}},"32":{"start":{"line":85,"column":4},"end":{"line":255,"column":5}},"33":{"start":{"line":86,"column":28},"end":{"line":86,"column":50}},"34":{"start":{"line":87,"column":6},"end":{"line":93,"column":7}},"35":{"start":{"line":88,"column":8},"end":{"line":88,"column":28}},"36":{"start":{"line":89,"column":13},"end":{"line":93,"column":7}},"37":{"start":{"line":92,"column":8},"end":{"line":92,"column":43}},"38":{"start":{"line":95,"column":21},"end":{"line":109,"column":7}},"39":{"start":{"line":110,"column":6},"end":{"line":123,"column":7}},"40":{"start":{"line":111,"column":8},"end":{"line":120,"column":9}},"41":{"start":{"line":112,"column":10},"end":{"line":112,"column":48}},"42":{"start":{"line":114,"column":10},"end":{"line":118,"column":11}},"43":{"start":{"line":115,"column":12},"end":{"line":115,"column":44}},"44":{"start":{"line":116,"column":12},"end":{"line":116,"column":75}},"45":{"start":{"line":117,"column":12},"end":{"line":117,"column":107}},"46":{"start":{"line":119,"column":10},"end":{"line":119,"column":50}},"47":{"start":{"line":121,"column":13},"end":{"line":123,"column":7}},"48":{"start":{"line":122,"column":8},"end":{"line":122,"column":51}},"49":{"start":{"line":126,"column":21},"end":{"line":126,"column":95}},"50":{"start":{"line":128,"column":24},"end":{"line":128,"column":59}},"51":{"start":{"line":129,"column":19},"end":{"line":129,"column":21}},"52":{"start":{"line":130,"column":22},"end":{"line":130,"column":24}},"53":{"start":{"line":131,"column":6},"end":{"line":174,"column":7}},"54":{"start":{"line":132,"column":24},"end":{"line":132,"column":26}},"55":{"start":{"line":133,"column":20},"end":{"line":133,"column":28}},"56":{"start":{"line":134,"column":19},"end":{"line":134,"column":27}},"57":{"start":{"line":136,"column":8},"end":{"line":138,"column":9}},"58":{"start":{"line":137,"column":10},"end":{"line":137,"column":33}},"59":{"start":{"line":139,"column":8},"end":{"line":141,"column":9}},"60":{"start":{"line":140,"column":10},"end":{"line":140,"column":18}},"61":{"start":{"line":142,"column":20},"end":{"line":142,"column":63}},"62":{"start":{"line":143,"column":8},"end":{"line":143,"column":26}},"63":{"start":{"line":144,"column":8},"end":{"line":146,"column":9}},"64":{"start":{"line":145,"column":10},"end":{"line":145,"column":89}},"65":{"start":{"line":147,"column":23},"end":{"line":147,"column":45}},"66":{"start":{"line":148,"column":8},"end":{"line":150,"column":9}},"67":{"start":{"line":149,"column":10},"end":{"line":149,"column":31}},"68":{"start":{"line":151,"column":8},"end":{"line":151,"column":44}},"69":{"start":{"line":151,"column":42},"end":{"line":151,"column":43}},"70":{"start":{"line":153,"column":8},"end":{"line":169,"column":9}},"71":{"start":{"line":154,"column":10},"end":{"line":160,"column":11}},"72":{"start":{"line":155,"column":26},"end":{"line":155,"column":41}},"73":{"start":{"line":157,"column":23},"end":{"line":157,"column":58}},"74":{"start":{"line":158,"column":12},"end":{"line":159,"column":88}},"75":{"start":{"line":163,"column":22},"end":{"line":167,"column":12}},"76":{"start":{"line":164,"column":23},"end":{"line":164,"column":58}},"77":{"start":{"line":165,"column":12},"end":{"line":166,"column":79}},"78":{"start":{"line":168,"column":10},"end":{"line":168,"column":34}},"79":{"start":{"line":170,"column":23},"end":{"line":170,"column":51}},"80":{"start":{"line":172,"column":8},"end":{"line":172,"column":51}},"81":{"start":{"line":173,"column":8},"end":{"line":173,"column":76}},"82":{"start":{"line":175,"column":6},"end":{"line":177,"column":7}},"83":{"start":{"line":176,"column":8},"end":{"line":176,"column":16}},"84":{"start":{"line":178,"column":24},"end":{"line":178,"column":26}},"85":{"start":{"line":179,"column":6},"end":{"line":246,"column":7}},"86":{"start":{"line":180,"column":25},"end":{"line":180,"column":104}},"87":{"start":{"line":181,"column":8},"end":{"line":183,"column":9}},"88":{"start":{"line":182,"column":10},"end":{"line":182,"column":124}},"89":{"start":{"line":184,"column":8},"end":{"line":187,"column":9}},"90":{"start":{"line":186,"column":10},"end":{"line":186,"column":56}},"91":{"start":{"line":189,"column":8},"end":{"line":191,"column":9}},"92":{"start":{"line":190,"column":10},"end":{"line":190,"column":52}},"93":{"start":{"line":193,"column":8},"end":{"line":193,"column":106}},"94":{"start":{"line":194,"column":8},"end":{"line":194,"column":109}},"95":{"start":{"line":195,"column":8},"end":{"line":195,"column":112}},"96":{"start":{"line":196,"column":8},"end":{"line":196,"column":107}},"97":{"start":{"line":197,"column":8},"end":{"line":197,"column":108}},"98":{"start":{"line":198,"column":8},"end":{"line":198,"column":113}},"99":{"start":{"line":199,"column":8},"end":{"line":199,"column":108}},"100":{"start":{"line":200,"column":8},"end":{"line":200,"column":108}},"101":{"start":{"line":201,"column":8},"end":{"line":201,"column":106}},"102":{"start":{"line":202,"column":8},"end":{"line":202,"column":108}},"103":{"start":{"line":203,"column":8},"end":{"line":203,"column":112}},"104":{"start":{"line":204,"column":8},"end":{"line":206,"column":9}},"105":{"start":{"line":205,"column":10},"end":{"line":205,"column":116}},"106":{"start":{"line":207,"column":8},"end":{"line":209,"column":9}},"107":{"start":{"line":208,"column":10},"end":{"line":208,"column":118}},"108":{"start":{"line":210,"column":8},"end":{"line":212,"column":9}},"109":{"start":{"line":211,"column":10},"end":{"line":211,"column":111}},"110":{"start":{"line":213,"column":8},"end":{"line":215,"column":9}},"111":{"start":{"line":214,"column":10},"end":{"line":214,"column":110}},"112":{"start":{"line":217,"column":8},"end":{"line":229,"column":9}},"113":{"start":{"line":228,"column":10},"end":{"line":228,"column":38}},"114":{"start":{"line":231,"column":8},"end":{"line":245,"column":9}},"115":{"start":{"line":232,"column":10},"end":{"line":234,"column":11}},"116":{"start":{"line":233,"column":12},"end":{"line":233,"column":105}},"117":{"start":{"line":236,"column":10},"end":{"line":239,"column":11}},"118":{"start":{"line":238,"column":12},"end":{"line":238,"column":111}},"119":{"start":{"line":241,"column":10},"end":{"line":244,"column":11}},"120":{"start":{"line":243,"column":12},"end":{"line":243,"column":112}},"121":{"start":{"line":247,"column":6},"end":{"line":254,"column":7}},"122":{"start":{"line":250,"column":8},"end":{"line":253,"column":9}},"123":{"start":{"line":251,"column":10},"end":{"line":251,"column":39}},"124":{"start":{"line":252,"column":10},"end":{"line":252,"column":27}},"125":{"start":{"line":256,"column":4},"end":{"line":260,"column":5}},"126":{"start":{"line":257,"column":6},"end":{"line":257,"column":52}},"127":{"start":{"line":259,"column":6},"end":{"line":259,"column":22}},"128":{"start":{"line":264,"column":18},"end":{"line":264,"column":46}},"129":{"start":{"line":265,"column":4},"end":{"line":271,"column":5}},"130":{"start":{"line":266,"column":20},"end":{"line":266,"column":49}},"131":{"start":{"line":267,"column":6},"end":{"line":267,"column":20}},"132":{"start":{"line":270,"column":6},"end":{"line":270,"column":22}}},"fnMap":{"0":{"name":"(anonymous_0)","decl":{"start":{"line":16,"column":2},"end":{"line":16,"column":3}},"loc":{"start":{"line":16,"column":28},"end":{"line":25,"column":3}},"line":16},"1":{"name":"(anonymous_1)","decl":{"start":{"line":24,"column":78},"end":{"line":24,"column":79}},"loc":{"start":{"line":24,"column":85},"end":{"line":24,"column":111}},"line":24},"2":{"name":"(anonymous_2)","decl":{"start":{"line":27,"column":2},"end":{"line":27,"column":3}},"loc":{"start":{"line":27,"column":30},"end":{"line":33,"column":3}},"line":27},"3":{"name":"(anonymous_3)","decl":{"start":{"line":35,"column":2},"end":{"line":35,"column":3}},"loc":{"start":{"line":35,"column":33},"end":{"line":43,"column":3}},"line":35},"4":{"name":"(anonymous_4)","decl":{"start":{"line":45,"column":2},"end":{"line":45,"column":3}},"loc":{"start":{"line":45,"column":29},"end":{"line":56,"column":3}},"line":45},"5":{"name":"(anonymous_5)","decl":{"start":{"line":46,"column":23},"end":{"line":46,"column":24}},"loc":{"start":{"line":46,"column":44},"end":{"line":55,"column":5}},"line":46},"6":{"name":"(anonymous_6)","decl":{"start":{"line":64,"column":2},"end":{"line":64,"column":3}},"loc":{"start":{"line":64,"column":34},"end":{"line":261,"column":3}},"line":64},"7":{"name":"(anonymous_7)","decl":{"start":{"line":151,"column":35},"end":{"line":151,"column":36}},"loc":{"start":{"line":151,"column":42},"end":{"line":151,"column":43}},"line":151},"8":{"name":"(anonymous_8)","decl":{"start":{"line":163,"column":35},"end":{"line":163,"column":36}},"loc":{"start":{"line":163,"column":46},"end":{"line":167,"column":11}},"line":163},"9":{"name":"(anonymous_9)","decl":{"start":{"line":263,"column":2},"end":{"line":263,"column":3}},"loc":{"start":{"line":263,"column":32},"end":{"line":272,"column":3}},"line":263}},"branchMap":{"0":{"loc":{"start":{"line":16,"column":15},"end":{"line":16,"column":26}},"type":"default-arg","locations":[{"start":{"line":16,"column":24},"end":{"line":16,"column":26}}],"line":16},"1":{"loc":{"start":{"line":28,"column":4},"end":{"line":32,"column":5}},"type":"if","locations":[{"start":{"line":28,"column":4},"end":{"line":32,"column":5}},{"start":{"line":28,"column":4},"end":{"line":32,"column":5}}],"line":28},"2":{"loc":{"start":{"line":37,"column":4},"end":{"line":42,"column":5}},"type":"if","locations":[{"start":{"line":37,"column":4},"end":{"line":42,"column":5}},{"start":{"line":37,"column":4},"end":{"line":42,"column":5}}],"line":37},"3":{"loc":{"start":{"line":68,"column":4},"end":{"line":78,"column":5}},"type":"if","locations":[{"start":{"line":68,"column":4},"end":{"line":78,"column":5}},{"start":{"line":68,"column":4},"end":{"line":78,"column":5}}],"line":68},"4":{"loc":{"start":{"line":73,"column":6},"end":{"line":77,"column":7}},"type":"if","locations":[{"start":{"line":73,"column":6},"end":{"line":77,"column":7}},{"start":{"line":73,"column":6},"end":{"line":77,"column":7}}],"line":73},"5":{"loc":{"start":{"line":81,"column":4},"end":{"line":83,"column":5}},"type":"if","locations":[{"start":{"line":81,"column":4},"end":{"line":83,"column":5}},{"start":{"line":81,"column":4},"end":{"line":83,"column":5}}],"line":81},"6":{"loc":{"start":{"line":87,"column":6},"end":{"line":93,"column":7}},"type":"if","locations":[{"start":{"line":87,"column":6},"end":{"line":93,"column":7}},{"start":{"line":87,"column":6},"end":{"line":93,"column":7}}],"line":87},"7":{"loc":{"start":{"line":89,"column":13},"end":{"line":93,"column":7}},"type":"if","locations":[{"start":{"line":89,"column":13},"end":{"line":93,"column":7}},{"start":{"line":89,"column":13},"end":{"line":93,"column":7}}],"line":89},"8":{"loc":{"start":{"line":110,"column":6},"end":{"line":123,"column":7}},"type":"if","locations":[{"start":{"line":110,"column":6},"end":{"line":123,"column":7}},{"start":{"line":110,"column":6},"end":{"line":123,"column":7}}],"line":110},"9":{"loc":{"start":{"line":111,"column":8},"end":{"line":120,"column":9}},"type":"if","locations":[{"start":{"line":111,"column":8},"end":{"line":120,"column":9}},{"start":{"line":111,"column":8},"end":{"line":120,"column":9}}],"line":111},"10":{"loc":{"start":{"line":114,"column":10},"end":{"line":118,"column":11}},"type":"if","locations":[{"start":{"line":114,"column":10},"end":{"line":118,"column":11}},{"start":{"line":114,"column":10},"end":{"line":118,"column":11}}],"line":114},"11":{"loc":{"start":{"line":114,"column":14},"end":{"line":114,"column":69}},"type":"binary-expr","locations":[{"start":{"line":114,"column":14},"end":{"line":114,"column":42}},{"start":{"line":114,"column":46},"end":{"line":114,"column":69}}],"line":114},"12":{"loc":{"start":{"line":121,"column":13},"end":{"line":123,"column":7}},"type":"if","locations":[{"start":{"line":121,"column":13},"end":{"line":123,"column":7}},{"start":{"line":121,"column":13},"end":{"line":123,"column":7}}],"line":121},"13":{"loc":{"start":{"line":121,"column":17},"end":{"line":121,"column":70}},"type":"binary-expr","locations":[{"start":{"line":121,"column":17},"end":{"line":121,"column":43}},{"start":{"line":121,"column":47},"end":{"line":121,"column":70}}],"line":121},"14":{"loc":{"start":{"line":126,"column":21},"end":{"line":126,"column":95}},"type":"cond-expr","locations":[{"start":{"line":126,"column":45},"end":{"line":126,"column":71}},{"start":{"line":126,"column":74},"end":{"line":126,"column":95}}],"line":126},"15":{"loc":{"start":{"line":136,"column":8},"end":{"line":138,"column":9}},"type":"if","locations":[{"start":{"line":136,"column":8},"end":{"line":138,"column":9}},{"start":{"line":136,"column":8},"end":{"line":138,"column":9}}],"line":136},"16":{"loc":{"start":{"line":139,"column":8},"end":{"line":141,"column":9}},"type":"if","locations":[{"start":{"line":139,"column":8},"end":{"line":141,"column":9}},{"start":{"line":139,"column":8},"end":{"line":141,"column":9}}],"line":139},"17":{"loc":{"start":{"line":139,"column":12},"end":{"line":139,"column":35}},"type":"binary-expr","locations":[{"start":{"line":139,"column":12},"end":{"line":139,"column":22}},{"start":{"line":139,"column":26},"end":{"line":139,"column":35}}],"line":139},"18":{"loc":{"start":{"line":148,"column":8},"end":{"line":150,"column":9}},"type":"if","locations":[{"start":{"line":148,"column":8},"end":{"line":150,"column":9}},{"start":{"line":148,"column":8},"end":{"line":150,"column":9}}],"line":148},"19":{"loc":{"start":{"line":153,"column":8},"end":{"line":169,"column":9}},"type":"if","locations":[{"start":{"line":153,"column":8},"end":{"line":169,"column":9}},{"start":{"line":153,"column":8},"end":{"line":169,"column":9}}],"line":153},"20":{"loc":{"start":{"line":154,"column":10},"end":{"line":160,"column":11}},"type":"if","locations":[{"start":{"line":154,"column":10},"end":{"line":160,"column":11}},{"start":{"line":154,"column":10},"end":{"line":160,"column":11}}],"line":154},"21":{"loc":{"start":{"line":154,"column":14},"end":{"line":154,"column":41}},"type":"binary-expr","locations":[{"start":{"line":154,"column":14},"end":{"line":154,"column":22}},{"start":{"line":154,"column":26},"end":{"line":154,"column":41}}],"line":154},"22":{"loc":{"start":{"line":157,"column":23},"end":{"line":157,"column":58}},"type":"cond-expr","locations":[{"start":{"line":157,"column":38},"end":{"line":157,"column":50}},{"start":{"line":157,"column":53},"end":{"line":157,"column":58}}],"line":157},"23":{"loc":{"start":{"line":164,"column":23},"end":{"line":164,"column":58}},"type":"cond-expr","locations":[{"start":{"line":164,"column":38},"end":{"line":164,"column":50}},{"start":{"line":164,"column":53},"end":{"line":164,"column":58}}],"line":164},"24":{"loc":{"start":{"line":175,"column":6},"end":{"line":177,"column":7}},"type":"if","locations":[{"start":{"line":175,"column":6},"end":{"line":177,"column":7}},{"start":{"line":175,"column":6},"end":{"line":177,"column":7}}],"line":175},"25":{"loc":{"start":{"line":181,"column":8},"end":{"line":183,"column":9}},"type":"if","locations":[{"start":{"line":181,"column":8},"end":{"line":183,"column":9}},{"start":{"line":181,"column":8},"end":{"line":183,"column":9}}],"line":181},"26":{"loc":{"start":{"line":184,"column":8},"end":{"line":187,"column":9}},"type":"if","locations":[{"start":{"line":184,"column":8},"end":{"line":187,"column":9}},{"start":{"line":184,"column":8},"end":{"line":187,"column":9}}],"line":184},"27":{"loc":{"start":{"line":189,"column":8},"end":{"line":191,"column":9}},"type":"if","locations":[{"start":{"line":189,"column":8},"end":{"line":191,"column":9}},{"start":{"line":189,"column":8},"end":{"line":191,"column":9}}],"line":189},"28":{"loc":{"start":{"line":204,"column":8},"end":{"line":206,"column":9}},"type":"if","locations":[{"start":{"line":204,"column":8},"end":{"line":206,"column":9}},{"start":{"line":204,"column":8},"end":{"line":206,"column":9}}],"line":204},"29":{"loc":{"start":{"line":207,"column":8},"end":{"line":209,"column":9}},"type":"if","locations":[{"start":{"line":207,"column":8},"end":{"line":209,"column":9}},{"start":{"line":207,"column":8},"end":{"line":209,"column":9}}],"line":207},"30":{"loc":{"start":{"line":210,"column":8},"end":{"line":212,"column":9}},"type":"if","locations":[{"start":{"line":210,"column":8},"end":{"line":212,"column":9}},{"start":{"line":210,"column":8},"end":{"line":212,"column":9}}],"line":210},"31":{"loc":{"start":{"line":213,"column":8},"end":{"line":215,"column":9}},"type":"if","locations":[{"start":{"line":213,"column":8},"end":{"line":215,"column":9}},{"start":{"line":213,"column":8},"end":{"line":215,"column":9}}],"line":213},"32":{"loc":{"start":{"line":217,"column":8},"end":{"line":229,"column":9}},"type":"if","locations":[{"start":{"line":217,"column":8},"end":{"line":229,"column":9}},{"start":{"line":217,"column":8},"end":{"line":229,"column":9}}],"line":217},"33":{"loc":{"start":{"line":217,"column":12},"end":{"line":227,"column":50}},"type":"binary-expr","locations":[{"start":{"line":217,"column":12},"end":{"line":217,"column":52}},{"start":{"line":218,"column":10},"end":{"line":218,"column":48}},{"start":{"line":219,"column":10},"end":{"line":219,"column":47}},{"start":{"line":220,"column":10},"end":{"line":220,"column":48}},{"start":{"line":221,"column":10},"end":{"line":221,"column":49}},{"start":{"line":222,"column":10},"end":{"line":222,"column":53}},{"start":{"line":223,"column":10},"end":{"line":223,"column":51}},{"start":{"line":224,"column":10},"end":{"line":224,"column":52}},{"start":{"line":225,"column":10},"end":{"line":225,"column":50}},{"start":{"line":226,"column":10},"end":{"line":226,"column":48}},{"start":{"line":227,"column":10},"end":{"line":227,"column":50}}],"line":217},"34":{"loc":{"start":{"line":232,"column":10},"end":{"line":234,"column":11}},"type":"if","locations":[{"start":{"line":232,"column":10},"end":{"line":234,"column":11}},{"start":{"line":232,"column":10},"end":{"line":234,"column":11}}],"line":232},"35":{"loc":{"start":{"line":236,"column":10},"end":{"line":239,"column":11}},"type":"if","locations":[{"start":{"line":236,"column":10},"end":{"line":239,"column":11}},{"start":{"line":236,"column":10},"end":{"line":239,"column":11}}],"line":236},"36":{"loc":{"start":{"line":236,"column":14},"end":{"line":237,"column":148}},"type":"binary-expr","locations":[{"start":{"line":236,"column":14},"end":{"line":236,"column":62}},{"start":{"line":237,"column":13},"end":{"line":237,"column":55}},{"start":{"line":237,"column":59},"end":{"line":237,"column":147}}],"line":236},"37":{"loc":{"start":{"line":241,"column":10},"end":{"line":244,"column":11}},"type":"if","locations":[{"start":{"line":241,"column":10},"end":{"line":244,"column":11}},{"start":{"line":241,"column":10},"end":{"line":244,"column":11}}],"line":241},"38":{"loc":{"start":{"line":241,"column":14},"end":{"line":242,"column":148}},"type":"binary-expr","locations":[{"start":{"line":241,"column":14},"end":{"line":241,"column":63}},{"start":{"line":242,"column":13},"end":{"line":242,"column":55}},{"start":{"line":242,"column":59},"end":{"line":242,"column":147}}],"line":241},"39":{"loc":{"start":{"line":250,"column":8},"end":{"line":253,"column":9}},"type":"if","locations":[{"start":{"line":250,"column":8},"end":{"line":253,"column":9}},{"start":{"line":250,"column":8},"end":{"line":253,"column":9}}],"line":250},"40":{"loc":{"start":{"line":256,"column":4},"end":{"line":260,"column":5}},"type":"if","locations":[{"start":{"line":256,"column":4},"end":{"line":260,"column":5}},{"start":{"line":256,"column":4},"end":{"line":260,"column":5}}],"line":256},"41":{"loc":{"start":{"line":265,"column":4},"end":{"line":271,"column":5}},"type":"if","locations":[{"start":{"line":265,"column":4},"end":{"line":271,"column":5}},{"start":{"line":265,"column":4},"end":{"line":271,"column":5}}],"line":265}},"s":{"0":15,"1":15,"2":15,"3":15,"4":15,"5":15,"6":60,"7":33,"8":33,"9":0,"10":0,"11":0,"12":0,"13":0,"14":0,"15":0,"16":0,"17":0,"18":0,"19":0,"20":0,"21":9,"22":9,"23":9,"24":3,"25":3,"26":0,"27":9,"28":9,"29":9,"30":8,"31":9,"32":9,"33":27,"34":27,"35":0,"36":27,"37":6,"38":27,"39":27,"40":26,"41":1,"42":25,"43":1,"44":1,"45":1,"46":25,"47":1,"48":1,"49":27,"50":27,"51":27,"52":27,"53":27,"54":28,"55":28,"56":28,"57":28,"58":27,"59":28,"60":1,"61":27,"62":27,"63":27,"64":351,"65":27,"66":27,"67":23,"68":27,"69":32,"70":27,"71":2,"72":2,"73":2,"74":2,"75":25,"76":23,"77":23,"78":25,"79":27,"80":27,"81":27,"82":27,"83":1,"84":26,"85":26,"86":87,"87":87,"88":0,"89":87,"90":77,"91":87,"92":21,"93":87,"94":87,"95":87,"96":87,"97":87,"98":87,"99":87,"100":87,"101":87,"102":87,"103":87,"104":87,"105":20,"106":87,"107":2,"108":87,"109":4,"110":87,"111":31,"112":87,"113":85,"114":87,"115":91,"116":2,"117":91,"118":37,"119":91,"120":74,"121":26,"122":27,"123":27,"124":27,"125":9,"126":9,"127":0,"128":0,"129":0,"130":0,"131":0,"132":0},"f":{"0":15,"1":60,"2":33,"3":0,"4":0,"5":0,"6":9,"7":32,"8":23,"9":0},"b":{"0":[14],"1":[33,0],"2":[0,0],"3":[3,6],"4":[3,0],"5":[8,1],"6":[0,27],"7":[6,21],"8":[26,1],"9":[1,25],"10":[1,24],"11":[25,1],"12":[1,0],"13":[1,1],"14":[26,1],"15":[27,1],"16":[1,27],"17":[28,27],"18":[23,4],"19":[2,25],"20":[2,0],"21":[2,2],"22":[0,2],"23":[0,23],"24":[1,26],"25":[0,87],"26":[77,10],"27":[21,66],"28":[20,67],"29":[2,85],"30":[4,83],"31":[31,56],"32":[85,2],"33":[87,27,23,23,23,23,23,23,23,23,2],"34":[2,89],"35":[37,54],"36":[91,52,51],"37":[74,17],"38":[91,79,78],"39":[27,0],"40":[9,0],"41":[0,0]},"_coverageSchema":"332fd63041d2c1bcb487cc26dd0d5f7d97098a6c","hash":"e885de37b0785548de782a41fd171f2997b12abf"}
,"/home/balmas/workspace/morph-client/src/tufts/lib.js": {"path":"/home/balmas/workspace/morph-client/src/tufts/lib.js","statementMap":{"0":{"start":{"line":18,"column":4},"end":{"line":18,"column":22}},"1":{"start":{"line":19,"column":4},"end":{"line":19,"column":24}},"2":{"start":{"line":22,"column":4},"end":{"line":24,"column":5}},"3":{"start":{"line":23,"column":6},"end":{"line":23,"column":34}},"4":{"start":{"line":26,"column":4},"end":{"line":26,"column":89}},"5":{"start":{"line":26,"column":41},"end":{"line":26,"column":87}},"6":{"start":{"line":29,"column":4},"end":{"line":39,"column":5}},"7":{"start":{"line":30,"column":27},"end":{"line":30,"column":29}},"8":{"start":{"line":31,"column":6},"end":{"line":37,"column":7}},"9":{"start":{"line":32,"column":8},"end":{"line":32,"column":70}},"10":{"start":{"line":32,"column":61},"end":{"line":32,"column":69}},"11":{"start":{"line":33,"column":13},"end":{"line":37,"column":7}},"12":{"start":{"line":34,"column":8},"end":{"line":34,"column":27}},"13":{"start":{"line":36,"column":8},"end":{"line":36,"column":40}},"14":{"start":{"line":38,"column":6},"end":{"line":38,"column":27}},"15":{"start":{"line":41,"column":4},"end":{"line":43,"column":5}},"16":{"start":{"line":42,"column":6},"end":{"line":42,"column":54}},"17":{"start":{"line":52,"column":4},"end":{"line":52,"column":26}},"18":{"start":{"line":53,"column":16},"end":{"line":53,"column":26}},"19":{"start":{"line":55,"column":4},"end":{"line":58,"column":5}},"20":{"start":{"line":56,"column":6},"end":{"line":56,"column":41}},"21":{"start":{"line":57,"column":6},"end":{"line":57,"column":17}},"22":{"start":{"line":60,"column":4},"end":{"line":86,"column":5}},"23":{"start":{"line":61,"column":24},"end":{"line":61,"column":26}},"24":{"start":{"line":62,"column":6},"end":{"line":84,"column":7}},"25":{"start":{"line":65,"column":8},"end":{"line":76,"column":9}},"26":{"start":{"line":67,"column":10},"end":{"line":67,"column":94}},"27":{"start":{"line":69,"column":24},"end":{"line":69,"column":146}},"28":{"start":{"line":70,"column":10},"end":{"line":75,"column":11}},"29":{"start":{"line":71,"column":12},"end":{"line":71,"column":32}},"30":{"start":{"line":72,"column":12},"end":{"line":72,"column":96}},"31":{"start":{"line":74,"column":12},"end":{"line":74,"column":36}},"32":{"start":{"line":78,"column":24},"end":{"line":78,"column":56}},"33":{"start":{"line":79,"column":8},"end":{"line":83,"column":9}},"34":{"start":{"line":80,"column":10},"end":{"line":80,"column":91}},"35":{"start":{"line":82,"column":10},"end":{"line":82,"column":90}},"36":{"start":{"line":85,"column":6},"end":{"line":85,"column":24}},"37":{"start":{"line":93,"column":4},"end":{"line":118,"column":5}},"38":{"start":{"line":94,"column":19},"end":{"line":94,"column":21}},"39":{"start":{"line":95,"column":6},"end":{"line":116,"column":7}},"40":{"start":{"line":96,"column":8},"end":{"line":115,"column":9}},"41":{"start":{"line":97,"column":22},"end":{"line":97,"column":59}},"42":{"start":{"line":98,"column":10},"end":{"line":103,"column":11}},"43":{"start":{"line":100,"column":12},"end":{"line":100,"column":26}},"44":{"start":{"line":102,"column":12},"end":{"line":102,"column":44}},"45":{"start":{"line":104,"column":15},"end":{"line":115,"column":9}},"46":{"start":{"line":106,"column":10},"end":{"line":106,"column":59}},"47":{"start":{"line":108,"column":24},"end":{"line":108,"column":151}},"48":{"start":{"line":109,"column":10},"end":{"line":114,"column":11}},"49":{"start":{"line":110,"column":12},"end":{"line":110,"column":32}},"50":{"start":{"line":111,"column":12},"end":{"line":111,"column":61}},"51":{"start":{"line":113,"column":12},"end":{"line":113,"column":36}},"52":{"start":{"line":117,"column":6},"end":{"line":117,"column":66}},"53":{"start":{"line":120,"column":4},"end":{"line":120,"column":54}},"54":{"start":{"line":122,"column":4},"end":{"line":122,"column":28}},"55":{"start":{"line":129,"column":4},"end":{"line":129,"column":30}},"56":{"start":{"line":136,"column":4},"end":{"line":136,"column":33}},"57":{"start":{"line":143,"column":4},"end":{"line":143,"column":32}},"58":{"start":{"line":156,"column":17},"end":{"line":156,"column":19}},"59":{"start":{"line":157,"column":20},"end":{"line":157,"column":40}},"60":{"start":{"line":158,"column":4},"end":{"line":168,"column":5}},"61":{"start":{"line":159,"column":6},"end":{"line":166,"column":7}},"62":{"start":{"line":161,"column":8},"end":{"line":163,"column":9}},"63":{"start":{"line":162,"column":10},"end":{"line":162,"column":60}},"64":{"start":{"line":165,"column":8},"end":{"line":165,"column":59}},"65":{"start":{"line":169,"column":4},"end":{"line":174,"column":5}},"66":{"start":{"line":171,"column":6},"end":{"line":171,"column":113}},"67":{"start":{"line":171,"column":33},"end":{"line":171,"column":110}},"68":{"start":{"line":172,"column":20},"end":{"line":172,"column":92}},"69":{"start":{"line":173,"column":6},"end":{"line":173,"column":31}}},"fnMap":{"0":{"name":"(anonymous_0)","decl":{"start":{"line":16,"column":2},"end":{"line":16,"column":3}},"loc":{"start":{"line":16,"column":30},"end":{"line":44,"column":3}},"line":16},"1":{"name":"(anonymous_1)","decl":{"start":{"line":26,"column":22},"end":{"line":26,"column":23}},"loc":{"start":{"line":26,"column":39},"end":{"line":26,"column":89}},"line":26},"2":{"name":"(anonymous_2)","decl":{"start":{"line":29,"column":25},"end":{"line":29,"column":26}},"loc":{"start":{"line":29,"column":64},"end":{"line":39,"column":5}},"line":29},"3":{"name":"(anonymous_3)","decl":{"start":{"line":32,"column":54},"end":{"line":32,"column":55}},"loc":{"start":{"line":32,"column":61},"end":{"line":32,"column":69}},"line":32},"4":{"name":"(anonymous_4)","decl":{"start":{"line":41,"column":24},"end":{"line":41,"column":25}},"loc":{"start":{"line":41,"column":42},"end":{"line":43,"column":5}},"line":41},"5":{"name":"(anonymous_5)","decl":{"start":{"line":51,"column":2},"end":{"line":51,"column":3}},"loc":{"start":{"line":51,"column":27},"end":{"line":123,"column":3}},"line":51},"6":{"name":"add","decl":{"start":{"line":55,"column":37},"end":{"line":55,"column":40}},"loc":{"start":{"line":55,"column":72},"end":{"line":58,"column":5}},"line":55},"7":{"name":"get","decl":{"start":{"line":60,"column":37},"end":{"line":60,"column":40}},"loc":{"start":{"line":60,"column":100},"end":{"line":86,"column":5}},"line":60},"8":{"name":"get","decl":{"start":{"line":93,"column":45},"end":{"line":93,"column":48}},"loc":{"start":{"line":93,"column":84},"end":{"line":118,"column":5}},"line":93},"9":{"name":"(anonymous_9)","decl":{"start":{"line":128,"column":2},"end":{"line":128,"column":3}},"loc":{"start":{"line":128,"column":28},"end":{"line":130,"column":3}},"line":128},"10":{"name":"(anonymous_10)","decl":{"start":{"line":135,"column":2},"end":{"line":135,"column":3}},"loc":{"start":{"line":135,"column":31},"end":{"line":137,"column":3}},"line":135},"11":{"name":"(anonymous_11)","decl":{"start":{"line":142,"column":2},"end":{"line":142,"column":3}},"loc":{"start":{"line":142,"column":29},"end":{"line":144,"column":3}},"line":142},"12":{"name":"(anonymous_12)","decl":{"start":{"line":155,"column":2},"end":{"line":155,"column":3}},"loc":{"start":{"line":155,"column":76},"end":{"line":175,"column":3}},"line":155},"13":{"name":"(anonymous_13)","decl":{"start":{"line":171,"column":26},"end":{"line":171,"column":27}},"loc":{"start":{"line":171,"column":31},"end":{"line":171,"column":112}},"line":171}},"branchMap":{"0":{"loc":{"start":{"line":31,"column":6},"end":{"line":37,"column":7}},"type":"if","locations":[{"start":{"line":31,"column":6},"end":{"line":37,"column":7}},{"start":{"line":31,"column":6},"end":{"line":37,"column":7}}],"line":31},"1":{"loc":{"start":{"line":33,"column":13},"end":{"line":37,"column":7}},"type":"if","locations":[{"start":{"line":33,"column":13},"end":{"line":37,"column":7}},{"start":{"line":33,"column":13},"end":{"line":37,"column":7}}],"line":33},"2":{"loc":{"start":{"line":33,"column":17},"end":{"line":33,"column":72}},"type":"binary-expr","locations":[{"start":{"line":33,"column":17},"end":{"line":33,"column":40}},{"start":{"line":33,"column":44},"end":{"line":33,"column":72}}],"line":33},"3":{"loc":{"start":{"line":60,"column":57},"end":{"line":60,"column":70}},"type":"default-arg","locations":[{"start":{"line":60,"column":69},"end":{"line":60,"column":70}}],"line":60},"4":{"loc":{"start":{"line":60,"column":72},"end":{"line":60,"column":98}},"type":"default-arg","locations":[{"start":{"line":60,"column":93},"end":{"line":60,"column":98}}],"line":60},"5":{"loc":{"start":{"line":62,"column":6},"end":{"line":84,"column":7}},"type":"if","locations":[{"start":{"line":62,"column":6},"end":{"line":84,"column":7}},{"start":{"line":62,"column":6},"end":{"line":84,"column":7}}],"line":62},"6":{"loc":{"start":{"line":65,"column":8},"end":{"line":76,"column":9}},"type":"if","locations":[{"start":{"line":65,"column":8},"end":{"line":76,"column":9}},{"start":{"line":65,"column":8},"end":{"line":76,"column":9}}],"line":65},"7":{"loc":{"start":{"line":65,"column":12},"end":{"line":66,"column":61}},"type":"binary-expr","locations":[{"start":{"line":65,"column":12},"end":{"line":65,"column":66}},{"start":{"line":66,"column":12},"end":{"line":66,"column":61}}],"line":65},"8":{"loc":{"start":{"line":70,"column":10},"end":{"line":75,"column":11}},"type":"if","locations":[{"start":{"line":70,"column":10},"end":{"line":75,"column":11}},{"start":{"line":70,"column":10},"end":{"line":75,"column":11}}],"line":70},"9":{"loc":{"start":{"line":79,"column":8},"end":{"line":83,"column":9}},"type":"if","locations":[{"start":{"line":79,"column":8},"end":{"line":83,"column":9}},{"start":{"line":79,"column":8},"end":{"line":83,"column":9}}],"line":79},"10":{"loc":{"start":{"line":93,"column":56},"end":{"line":93,"column":82}},"type":"default-arg","locations":[{"start":{"line":93,"column":77},"end":{"line":93,"column":82}}],"line":93},"11":{"loc":{"start":{"line":96,"column":8},"end":{"line":115,"column":9}},"type":"if","locations":[{"start":{"line":96,"column":8},"end":{"line":115,"column":9}},{"start":{"line":96,"column":8},"end":{"line":115,"column":9}}],"line":96},"12":{"loc":{"start":{"line":98,"column":10},"end":{"line":103,"column":11}},"type":"if","locations":[{"start":{"line":98,"column":10},"end":{"line":103,"column":11}},{"start":{"line":98,"column":10},"end":{"line":103,"column":11}}],"line":98},"13":{"loc":{"start":{"line":104,"column":15},"end":{"line":115,"column":9}},"type":"if","locations":[{"start":{"line":104,"column":15},"end":{"line":115,"column":9}},{"start":{"line":104,"column":15},"end":{"line":115,"column":9}}],"line":104},"14":{"loc":{"start":{"line":104,"column":19},"end":{"line":105,"column":59}},"type":"binary-expr","locations":[{"start":{"line":104,"column":19},"end":{"line":104,"column":78}},{"start":{"line":105,"column":10},"end":{"line":105,"column":59}}],"line":104},"15":{"loc":{"start":{"line":109,"column":10},"end":{"line":114,"column":11}},"type":"if","locations":[{"start":{"line":109,"column":10},"end":{"line":114,"column":11}},{"start":{"line":109,"column":10},"end":{"line":114,"column":11}}],"line":109},"16":{"loc":{"start":{"line":158,"column":4},"end":{"line":168,"column":5}},"type":"if","locations":[{"start":{"line":158,"column":4},"end":{"line":168,"column":5}},{"start":{"line":158,"column":4},"end":{"line":168,"column":5}}],"line":158},"17":{"loc":{"start":{"line":159,"column":6},"end":{"line":166,"column":7}},"type":"if","locations":[{"start":{"line":159,"column":6},"end":{"line":166,"column":7}},{"start":{"line":159,"column":6},"end":{"line":166,"column":7}}],"line":159},"18":{"loc":{"start":{"line":169,"column":4},"end":{"line":174,"column":5}},"type":"if","locations":[{"start":{"line":169,"column":4},"end":{"line":174,"column":5}},{"start":{"line":169,"column":4},"end":{"line":174,"column":5}}],"line":169},"19":{"loc":{"start":{"line":171,"column":71},"end":{"line":171,"column":108}},"type":"cond-expr","locations":[{"start":{"line":171,"column":89},"end":{"line":171,"column":104}},{"start":{"line":171,"column":107},"end":{"line":171,"column":108}}],"line":171}},"s":{"0":5,"1":5,"2":5,"3":99,"4":5,"5":8,"6":5,"7":519,"8":519,"9":60,"10":65,"11":459,"12":10,"13":449,"14":519,"15":5,"16":26,"17":107,"18":107,"19":107,"20":0,"21":0,"22":107,"23":4,"24":4,"25":3,"26":1,"27":2,"28":2,"29":1,"30":1,"31":1,"32":1,"33":1,"34":1,"35":0,"36":3,"37":107,"38":503,"39":503,"40":514,"41":11,"42":11,"43":11,"44":0,"45":503,"46":500,"47":3,"48":3,"49":3,"50":3,"51":0,"52":503,"53":107,"54":107,"55":2,"56":0,"57":1,"58":1478,"59":1478,"60":1478,"61":513,"62":6,"63":12,"64":507,"65":1478,"66":503,"67":514,"68":503,"69":503},"f":{"0":5,"1":8,"2":519,"3":65,"4":26,"5":107,"6":0,"7":4,"8":503,"9":2,"10":0,"11":1,"12":1478,"13":514},"b":{"0":[60,459],"1":[10,449],"2":[459,10],"3":[3],"4":[3],"5":[3,1],"6":[1,2],"7":[3,2],"8":[1,1],"9":[1,0],"10":[0],"11":[11,503],"12":[11,0],"13":[500,3],"14":[503,91],"15":[3,0],"16":[513,965],"17":[6,507],"18":[503,975],"19":[175,339]},"_coverageSchema":"332fd63041d2c1bcb487cc26dd0d5f7d97098a6c","hash":"cdc0060a813d6cc4c476e3302857d358062d292f"}
,"/home/balmas/workspace/morph-client/src/tufts/engine/aramorph.js": {"path":"/home/balmas/workspace/morph-client/src/tufts/engine/aramorph.js","statementMap":{"0":{"start":{"line":4,"column":11},"end":{"line":4,"column":65}},"1":{"start":{"line":6,"column":0},"end":{"line":7,"column":49}}},"fnMap":{},"branchMap":{},"s":{"0":1,"1":1},"f":{},"b":{},"_coverageSchema":"332fd63041d2c1bcb487cc26dd0d5f7d97098a6c","hash":"1e21bb34c6a636d2913f371964b84daa43818df2"}
,"/home/balmas/workspace/morph-client/src/tufts/engine/hazm.js": {"path":"/home/balmas/workspace/morph-client/src/tufts/engine/hazm.js","statementMap":{"0":{"start":{"line":4,"column":11},"end":{"line":4,"column":62}},"1":{"start":{"line":6,"column":0},"end":{"line":7,"column":49}},"2":{"start":{"line":10,"column":0},"end":{"line":10,"column":77}},"3":{"start":{"line":10,"column":41},"end":{"line":10,"column":74}}},"fnMap":{"0":{"name":"(anonymous_0)","decl":{"start":{"line":10,"column":21},"end":{"line":10,"column":22}},"loc":{"start":{"line":10,"column":39},"end":{"line":10,"column":76}},"line":10}},"branchMap":{},"s":{"0":1,"1":1,"2":1,"3":1},"f":{"0":1},"b":{},"_coverageSchema":"332fd63041d2c1bcb487cc26dd0d5f7d97098a6c","hash":"160fea7074556167bf87b7687cbe6d7c05b36053"}
,"/home/balmas/workspace/morph-client/src/tufts/engine/morpheusgrc.js": {"path":"/home/balmas/workspace/morph-client/src/tufts/engine/morpheusgrc.js","statementMap":{"0":{"start":{"line":4,"column":11},"end":{"line":4,"column":67}},"1":{"start":{"line":14,"column":0},"end":{"line":15,"column":105}},"2":{"start":{"line":17,"column":0},"end":{"line":18,"column":83}}},"fnMap":{},"branchMap":{},"s":{"0":1,"1":1,"2":1},"f":{},"b":{},"_coverageSchema":"332fd63041d2c1bcb487cc26dd0d5f7d97098a6c","hash":"3ca338a393ad2743f97d54a7b2b64f7c1b895f54"}
,"/home/balmas/workspace/morph-client/src/tufts/engine/whitakers.js": {"path":"/home/balmas/workspace/morph-client/src/tufts/engine/whitakers.js","statementMap":{"0":{"start":{"line":4,"column":11},"end":{"line":4,"column":67}},"1":{"start":{"line":17,"column":0},"end":{"line":19,"column":125}},"2":{"start":{"line":21,"column":0},"end":{"line":22,"column":63}},"3":{"start":{"line":24,"column":0},"end":{"line":42,"column":2}},"4":{"start":{"line":28,"column":14},"end":{"line":28,"column":16}},"5":{"start":{"line":29,"column":15},"end":{"line":29,"column":32}},"6":{"start":{"line":30,"column":2},"end":{"line":36,"column":3}},"7":{"start":{"line":31,"column":21},"end":{"line":31,"column":36}},"8":{"start":{"line":32,"column":4},"end":{"line":34,"column":5}},"9":{"start":{"line":33,"column":6},"end":{"line":33,"column":26}},"10":{"start":{"line":35,"column":4},"end":{"line":35,"column":26}},"11":{"start":{"line":37,"column":2},"end":{"line":39,"column":3}},"12":{"start":{"line":38,"column":4},"end":{"line":38,"column":70}},"13":{"start":{"line":41,"column":2},"end":{"line":41,"column":15}}},"fnMap":{"0":{"name":"(anonymous_0)","decl":{"start":{"line":24,"column":20},"end":{"line":24,"column":21}},"loc":{"start":{"line":24,"column":37},"end":{"line":42,"column":1}},"line":24}},"branchMap":{"0":{"loc":{"start":{"line":32,"column":4},"end":{"line":34,"column":5}},"type":"if","locations":[{"start":{"line":32,"column":4},"end":{"line":34,"column":5}},{"start":{"line":32,"column":4},"end":{"line":34,"column":5}}],"line":32},"1":{"loc":{"start":{"line":37,"column":2},"end":{"line":39,"column":3}},"type":"if","locations":[{"start":{"line":37,"column":2},"end":{"line":39,"column":3}},{"start":{"line":37,"column":2},"end":{"line":39,"column":3}}],"line":37}},"s":{"0":2,"1":2,"2":2,"3":2,"4":21,"5":21,"6":21,"7":49,"8":49,"9":21,"10":49,"11":21,"12":21,"13":21},"f":{"0":21},"b":{"0":[21,28],"1":[21,0]},"_coverageSchema":"332fd63041d2c1bcb487cc26dd0d5f7d97098a6c","hash":"817a828b8745a39389b00b0373b28ada96b6c27b"}
,"/home/balmas/workspace/morph-client/src/tufts/engine/data/test-data.js": {"path":"/home/balmas/workspace/morph-client/src/tufts/engine/data/test-data.js","statementMap":{"0":{"start":{"line":8,"column":4},"end":{"line":13,"column":5}},"1":{"start":{"line":17,"column":4},"end":{"line":19,"column":5}},"2":{"start":{"line":18,"column":6},"end":{"line":18,"column":30}},"3":{"start":{"line":20,"column":4},"end":{"line":20,"column":65}}},"fnMap":{"0":{"name":"(anonymous_0)","decl":{"start":{"line":7,"column":2},"end":{"line":7,"column":3}},"loc":{"start":{"line":7,"column":17},"end":{"line":14,"column":3}},"line":7},"1":{"name":"(anonymous_1)","decl":{"start":{"line":16,"column":2},"end":{"line":16,"column":3}},"loc":{"start":{"line":16,"column":13},"end":{"line":21,"column":3}},"line":16}},"branchMap":{"0":{"loc":{"start":{"line":17,"column":4},"end":{"line":19,"column":5}},"type":"if","locations":[{"start":{"line":17,"column":4},"end":{"line":19,"column":5}},{"start":{"line":17,"column":4},"end":{"line":19,"column":5}}],"line":17}},"s":{"0":0,"1":0,"2":0,"3":0},"f":{"0":0,"1":0},"b":{"0":[0,0]},"_coverageSchema":"332fd63041d2c1bcb487cc26dd0d5f7d97098a6c","hash":"2c45e263add1aa023ffc4d5779640257d8dc7eb3"}
}
